HLD-MESSAGE: lef2hld Version:  3.4E.28, built after Thu May 22, 2003 at 12:57 - db: 2.000; allegro: 4.3; galaxy: 2.5; flexlm 6.1
HLD-MESSAGE: Copyright (c) 1991-2004 Cadence Design Systems. All rights reserved.
HLD-MESSAGE: 2004/07/31 17:28:00: lef2hld started.
HLD-WARNING: 2004/07/31 17:28:07: The -minGrid option will overwrite MANUFACTURINGGRID value in the LEF.HLD-MESSAGE: Parsing lef file mosis_subm_30.lef.
HLD-MESSAGE: 2004/07/31 17:28:07: NAMESCASESENSITIVE is ON, no case mapping will happen.
HLD-WARNING: 2004/07/31 17:28:07: MANUFACTURINGGRID is not supported in this version, line 8 will be ignored.
HLD-MESSAGE: 2004/07/31 17:28:07: Layer nwell start, current line 10.
HLD-MESSAGE: 2004/07/31 17:28:07: Layer nwell finished, current line 12.
HLD-MESSAGE: 2004/07/31 17:28:07: Layer nactive start, current line 14.
HLD-MESSAGE: 2004/07/31 17:28:07: Layer nactive finished, current line 16.
HLD-MESSAGE: 2004/07/31 17:28:07: Layer pactive start, current line 18.
HLD-MESSAGE: 2004/07/31 17:28:07: Layer pactive finished, current line 20.
HLD-MESSAGE: 2004/07/31 17:28:07: Layer poly start, current line 22.
HLD-MESSAGE: 2004/07/31 17:28:07: Layer poly finished, current line 24.
HLD-MESSAGE: 2004/07/31 17:28:07: Layer cc start, current line 26.
HLD-MESSAGE: 2004/07/31 17:28:07: Layer cc finished, current line 29.
HLD-MESSAGE: 2004/07/31 17:28:07: Layer metal1 start, current line 31.
HLD-MESSAGE: 2004/07/31 17:28:07: Layer metal1 finished, current line 40.
HLD-MESSAGE: 2004/07/31 17:28:07: Layer via start, current line 42.
HLD-MESSAGE: 2004/07/31 17:28:07: Layer via finished, current line 45.
HLD-MESSAGE: 2004/07/31 17:28:07: Layer metal2 start, current line 47.
HLD-MESSAGE: 2004/07/31 17:28:07: Layer metal2 finished, current line 56.
HLD-MESSAGE: 2004/07/31 17:28:07: Layer via2 start, current line 58.
HLD-MESSAGE: 2004/07/31 17:28:07: Layer via2 finished, current line 61.
HLD-MESSAGE: 2004/07/31 17:28:07: Layer metal3 start, current line 63.
HLD-MESSAGE: 2004/07/31 17:28:07: Layer metal3 finished, current line 72.
HLD-MESSAGE: 2004/07/31 17:28:07: Via M3_M2 start, current line 75.
HLD-MESSAGE: 2004/07/31 17:28:24: Via M3_M2 finished, current line 82.
HLD-MESSAGE: 2004/07/31 17:28:24: Via M2_M1 start, current line 84.
HLD-MESSAGE: 2004/07/31 17:28:28: Via M2_M1 finished, current line 91.
HLD-MESSAGE: 2004/07/31 17:28:28: VIARULE viagen21 start, current line 93.
HLD-MESSAGE: 2004/07/31 17:28:28: VIARULE viagen21 finished, current line 107.
HLD-MESSAGE: 2004/07/31 17:28:28: VIARULE viagen32 start, current line 109.
HLD-MESSAGE: 2004/07/31 17:28:28: VIARULE viagen32 finished, current line 123.
HLD-MESSAGE: 2004/07/31 17:28:28: VIARULE TURN1 start, current line 125.
HLD-MESSAGE: 2004/07/31 17:28:28: VIARULE TURN1 finished, current line 130.
HLD-MESSAGE: 2004/07/31 17:28:28: VIARULE TURN2 start, current line 132.
HLD-MESSAGE: 2004/07/31 17:28:28: VIARULE TURN2 finished, current line 137.
HLD-MESSAGE: 2004/07/31 17:28:28: VIARULE TURN3 start, current line 139.
HLD-MESSAGE: 2004/07/31 17:28:28: VIARULE TURN3 finished, current line 144.
HLD-MESSAGE: 2004/07/31 17:28:28: Site core start, current line 155.
HLD-MESSAGE: 2004/07/31 17:28:35: Site core finished, current line 159.
HLD-MESSAGE: 2004/07/31 17:28:35: Site IO start, current line 161.
HLD-MESSAGE: 2004/07/31 17:28:37: Site IO finished, current line 165.
HLD-MESSAGE: 2004/07/31 17:28:37: Site corner start, current line 167.
HLD-MESSAGE: 2004/07/31 17:28:42: Site corner finished, current line 171.
HLD-MESSAGE: Completed lef file mosis_subm_30.lef.
HLD-MESSAGE: New technology file: ./tech.dpux.
HLD-MESSAGE: 2004/07/31 17:28:42: lef2hld terminated.
HLD-MESSAGE: System CPU time  : 0 Hrs 0 Mins 0 Secs
HLD-MESSAGE: Real time        : 0 Hrs 0 Mins 45 Secs
HLD-MESSAGE: Memory used      : 32020K

