
Cadence Innovus(TM) Implementation System.
Copyright 2019 Cadence Design Systems, Inc. All rights reserved worldwide.

Version:	v19.18-s072_1, built Thu Apr 8 10:55:52 PDT 2021
Options:	-init FF/INNOVUS/run_init.tcl -log LOG/init.log -overwrite -nowin 
Date:		Fri Dec  1 16:56:18 2023
Host:		rivendell.ecen.okstate.edu (x86_64 w/Linux 3.10.0-1160.95.1.el7.x86_64) (6cores*12cpus*Intel(R) Xeon(R) CPU E5-4617 0 @ 2.90GHz 15360KB)
OS:		Red Hat Enterprise Linux Server release 7.9 (Maipo)

License:
		invs	Innovus Implementation System	19.1	checkout succeeded
		8 CPU jobs allowed with the current license(s). Use setMultiCpuUsage to set your required CPU count.
Change the soft stacksize limit to 0.2%RAM (257 mbytes). Set global soft_stack_size_limit to change the value.

**INFO:  MMMC transition support version v31-84 

<CMD> set_global _enable_mmmc_by_default_flow      $CTE::mmmc_default
<CMD> suppressMessage ENCEXT-2799
<CMD> getVersion
[INFO] Loading Pegasus 20.40 fill procedures
**WARN: Tk package not loaded. The Pegasus fill DRC monitor is disabled.
Sourcing file "FF/INNOVUS/run_init.tcl" ...
<FF> Finished loading setup.tcl
<CMD> setDistributeHost -local
The timeout for a remote job to respond is 3600 seconds.
Submit command for task runs will be: local
<CMD> setMultiCpuUsage -localCpu 1
<FF> LOADING 'pre_init_tcl' PLUG-IN FILE(s) 
<FF> -> PLUG/INNOVUS/pre_init.tcl
<CMD> set init_layout_view {}
<CMD> set init_verilog /home/jstine/ecen4303/ecen4303F23/SoC_sky130/synth/mapped/mult_alone.vh
<CMD> set init_mmmc_file /home/jstine/ecen4303/ecen4303F23/SoC_sky130/par/FF/view_definition.tcl
<CMD> set init_lef_file {/programs/pdk/sky130_osu_sc_t12/sky130_osu_sc_12T.tlef /programs/pdk/sky130_osu_sc_t12/12T_ms/lef/sky130_osu_sc_12T_ms.lef}
<CMD> set init_top_cell mult_alone
<CMD> set init_gnd_net VSS
<CMD> set init_pwr_net VDD
<CMD> init_design
#% Begin Load MMMC data ... (date=12/01 16:56:33, mem=474.5M)
#% End Load MMMC data ... (date=12/01 16:56:33, total cpu=0:00:00.0, real=0:00:00.0, peak res=474.6M, current mem=474.6M)
rc_typ

Loading LEF file /programs/pdk/sky130_osu_sc_t12/sky130_osu_sc_12T.tlef ...
**WARN: (IMPLF-155):	ViaRule only supports routing/cut layer, but poly layer found for viaRule 'L1M1_PR', 
**WARN: (IMPLF-155):	ViaRule only supports routing/cut layer, but poly layer found for viaRule 'L1M1_PR_R', 
**WARN: (IMPLF-155):	ViaRule only supports routing/cut layer, but poly layer found for viaRule 'L1M1_PR_M', 
**WARN: (IMPLF-155):	ViaRule only supports routing/cut layer, but poly layer found for viaRule 'L1M1_PR_MR', 
**WARN: (IMPLF-155):	ViaRule only supports routing/cut layer, but poly layer found for viaRule 'L1M1_PR_C', 

Loading LEF file /programs/pdk/sky130_osu_sc_t12/12T_ms/lef/sky130_osu_sc_12T_ms.lef ...
**WARN: (IMPLF-108):	There is no overlap layer defined in any LEF file
so you are unable to create rectilinear partition in a hierarchical flow.
Set DBUPerIGU to M2 pitch 480.
**WARN: (IMPLF-200):	Pin 'A' in macro 'sky130_osu_sc_12T_ms__xor2_l' has no ANTENNAGATEAREA value defined. The library data is incomplete and some process antenna rules will not be checked correctly.
Type 'man IMPLF-200' for more detail.
**WARN: (IMPLF-200):	Pin 'B' in macro 'sky130_osu_sc_12T_ms__xor2_l' has no ANTENNAGATEAREA value defined. The library data is incomplete and some process antenna rules will not be checked correctly.
Type 'man IMPLF-200' for more detail.
**WARN: (IMPLF-201):	Pin 'Y' in macro 'sky130_osu_sc_12T_ms__xor2_l' has no ANTENNADIFFAREA value defined. The library data is incomplete and some process antenna rules will not be checked correctly.
Type 'man IMPLF-201' for more detail.
**WARN: (IMPLF-200):	Pin 'A' in macro 'sky130_osu_sc_12T_ms__xnor2_l' has no ANTENNAGATEAREA value defined. The library data is incomplete and some process antenna rules will not be checked correctly.
Type 'man IMPLF-200' for more detail.
**WARN: (IMPLF-200):	Pin 'B' in macro 'sky130_osu_sc_12T_ms__xnor2_l' has no ANTENNAGATEAREA value defined. The library data is incomplete and some process antenna rules will not be checked correctly.
Type 'man IMPLF-200' for more detail.
**WARN: (IMPLF-201):	Pin 'Y' in macro 'sky130_osu_sc_12T_ms__xnor2_l' has no ANTENNADIFFAREA value defined. The library data is incomplete and some process antenna rules will not be checked correctly.
Type 'man IMPLF-201' for more detail.
**WARN: (IMPLF-200):	Pin 'A' in macro 'sky130_osu_sc_12T_ms__tnbufi_l' has no ANTENNAGATEAREA value defined. The library data is incomplete and some process antenna rules will not be checked correctly.
Type 'man IMPLF-200' for more detail.
**WARN: (IMPLF-200):	Pin 'OE' in macro 'sky130_osu_sc_12T_ms__tnbufi_l' has no ANTENNAGATEAREA value defined. The library data is incomplete and some process antenna rules will not be checked correctly.
Type 'man IMPLF-200' for more detail.
**WARN: (IMPLF-201):	Pin 'Y' in macro 'sky130_osu_sc_12T_ms__tnbufi_l' has no ANTENNADIFFAREA value defined. The library data is incomplete and some process antenna rules will not be checked correctly.
Type 'man IMPLF-201' for more detail.
**WARN: (IMPLF-200):	Pin 'A' in macro 'sky130_osu_sc_12T_ms__tnbufi_1' has no ANTENNAGATEAREA value defined. The library data is incomplete and some process antenna rules will not be checked correctly.
Type 'man IMPLF-200' for more detail.
**WARN: (IMPLF-200):	Pin 'OE' in macro 'sky130_osu_sc_12T_ms__tnbufi_1' has no ANTENNAGATEAREA value defined. The library data is incomplete and some process antenna rules will not be checked correctly.
Type 'man IMPLF-200' for more detail.
**WARN: (IMPLF-201):	Pin 'Y' in macro 'sky130_osu_sc_12T_ms__tnbufi_1' has no ANTENNADIFFAREA value defined. The library data is incomplete and some process antenna rules will not be checked correctly.
Type 'man IMPLF-201' for more detail.
**WARN: (IMPLF-201):	Pin 'Y' in macro 'sky130_osu_sc_12T_ms__tielo' has no ANTENNADIFFAREA value defined. The library data is incomplete and some process antenna rules will not be checked correctly.
Type 'man IMPLF-201' for more detail.
**WARN: (IMPLF-201):	Pin 'Y' in macro 'sky130_osu_sc_12T_ms__tiehi' has no ANTENNADIFFAREA value defined. The library data is incomplete and some process antenna rules will not be checked correctly.
Type 'man IMPLF-201' for more detail.
**WARN: (IMPLF-200):	Pin 'A' in macro 'sky130_osu_sc_12T_ms__tbufi_l' has no ANTENNAGATEAREA value defined. The library data is incomplete and some process antenna rules will not be checked correctly.
Type 'man IMPLF-200' for more detail.
**WARN: (IMPLF-200):	Pin 'OE' in macro 'sky130_osu_sc_12T_ms__tbufi_l' has no ANTENNAGATEAREA value defined. The library data is incomplete and some process antenna rules will not be checked correctly.
Type 'man IMPLF-200' for more detail.
**WARN: (IMPLF-201):	Pin 'Y' in macro 'sky130_osu_sc_12T_ms__tbufi_l' has no ANTENNADIFFAREA value defined. The library data is incomplete and some process antenna rules will not be checked correctly.
Type 'man IMPLF-201' for more detail.
**WARN: (IMPLF-200):	Pin 'A' in macro 'sky130_osu_sc_12T_ms__tbufi_1' has no ANTENNAGATEAREA value defined. The library data is incomplete and some process antenna rules will not be checked correctly.
Type 'man IMPLF-200' for more detail.
**WARN: (IMPLF-200):	Pin 'OE' in macro 'sky130_osu_sc_12T_ms__tbufi_1' has no ANTENNAGATEAREA value defined. The library data is incomplete and some process antenna rules will not be checked correctly.
Type 'man IMPLF-200' for more detail.
**WARN: (IMPLF-201):	Pin 'Y' in macro 'sky130_osu_sc_12T_ms__tbufi_1' has no ANTENNADIFFAREA value defined. The library data is incomplete and some process antenna rules will not be checked correctly.
Type 'man IMPLF-201' for more detail.
**WARN: (IMPLF-200):	Pin 'A' in macro 'sky130_osu_sc_12T_ms__or2_l' has no ANTENNAGATEAREA value defined. The library data is incomplete and some process antenna rules will not be checked correctly.
Type 'man IMPLF-200' for more detail.
**WARN: (IMPLF-200):	Pin 'B' in macro 'sky130_osu_sc_12T_ms__or2_l' has no ANTENNAGATEAREA value defined. The library data is incomplete and some process antenna rules will not be checked correctly.
Type 'man IMPLF-200' for more detail.
**WARN: (IMPLF-201):	Pin 'Y' in macro 'sky130_osu_sc_12T_ms__or2_l' has no ANTENNADIFFAREA value defined. The library data is incomplete and some process antenna rules will not be checked correctly.
Type 'man IMPLF-201' for more detail.
**WARN: (IMPLF-200):	Pin 'A' in macro 'sky130_osu_sc_12T_ms__or2_8' has no ANTENNAGATEAREA value defined. The library data is incomplete and some process antenna rules will not be checked correctly.
Type 'man IMPLF-200' for more detail.
**WARN: (IMPLF-200):	Pin 'B' in macro 'sky130_osu_sc_12T_ms__or2_8' has no ANTENNAGATEAREA value defined. The library data is incomplete and some process antenna rules will not be checked correctly.
Type 'man IMPLF-200' for more detail.
**WARN: (IMPLF-201):	Pin 'Y' in macro 'sky130_osu_sc_12T_ms__or2_8' has no ANTENNADIFFAREA value defined. The library data is incomplete and some process antenna rules will not be checked correctly.
Type 'man IMPLF-201' for more detail.
**WARN: (IMPLF-200):	Pin 'A' in macro 'sky130_osu_sc_12T_ms__or2_4' has no ANTENNAGATEAREA value defined. The library data is incomplete and some process antenna rules will not be checked correctly.
Type 'man IMPLF-200' for more detail.
**WARN: (IMPLF-200):	Pin 'B' in macro 'sky130_osu_sc_12T_ms__or2_4' has no ANTENNAGATEAREA value defined. The library data is incomplete and some process antenna rules will not be checked correctly.
Type 'man IMPLF-200' for more detail.
**WARN: (IMPLF-201):	Pin 'Y' in macro 'sky130_osu_sc_12T_ms__or2_4' has no ANTENNADIFFAREA value defined. The library data is incomplete and some process antenna rules will not be checked correctly.
Type 'man IMPLF-201' for more detail.
**WARN: (IMPLF-200):	Pin 'A' in macro 'sky130_osu_sc_12T_ms__or2_2' has no ANTENNAGATEAREA value defined. The library data is incomplete and some process antenna rules will not be checked correctly.
Type 'man IMPLF-200' for more detail.
**WARN: (IMPLF-200):	Pin 'B' in macro 'sky130_osu_sc_12T_ms__or2_2' has no ANTENNAGATEAREA value defined. The library data is incomplete and some process antenna rules will not be checked correctly.
Type 'man IMPLF-200' for more detail.
**WARN: (IMPLF-201):	Pin 'Y' in macro 'sky130_osu_sc_12T_ms__or2_2' has no ANTENNADIFFAREA value defined. The library data is incomplete and some process antenna rules will not be checked correctly.
Type 'man IMPLF-201' for more detail.
**WARN: (EMS-27):	Message (IMPLF-200) has exceeded the current message display limit of 20.
To increase the message display limit, refer to the product command reference manual.
**WARN: (IMPLF-201):	Pin 'Y' in macro 'sky130_osu_sc_12T_ms__or2_1' has no ANTENNADIFFAREA value defined. The library data is incomplete and some process antenna rules will not be checked correctly.
Type 'man IMPLF-201' for more detail.
**WARN: (IMPLF-201):	Pin 'Y' in macro 'sky130_osu_sc_12T_ms__oai22_l' has no ANTENNADIFFAREA value defined. The library data is incomplete and some process antenna rules will not be checked correctly.
Type 'man IMPLF-201' for more detail.
**WARN: (IMPLF-201):	Pin 'Y' in macro 'sky130_osu_sc_12T_ms__oai21_l' has no ANTENNADIFFAREA value defined. The library data is incomplete and some process antenna rules will not be checked correctly.
Type 'man IMPLF-201' for more detail.
**WARN: (IMPLF-201):	Pin 'Y' in macro 'sky130_osu_sc_12T_ms__nor2_l' has no ANTENNADIFFAREA value defined. The library data is incomplete and some process antenna rules will not be checked correctly.
Type 'man IMPLF-201' for more detail.
**WARN: (IMPLF-201):	Pin 'Y' in macro 'sky130_osu_sc_12T_ms__nor2_1' has no ANTENNADIFFAREA value defined. The library data is incomplete and some process antenna rules will not be checked correctly.
Type 'man IMPLF-201' for more detail.
**WARN: (IMPLF-201):	Pin 'Y' in macro 'sky130_osu_sc_12T_ms__nand2_l' has no ANTENNADIFFAREA value defined. The library data is incomplete and some process antenna rules will not be checked correctly.
Type 'man IMPLF-201' for more detail.
**WARN: (IMPLF-201):	Pin 'Y' in macro 'sky130_osu_sc_12T_ms__nand2_1' has no ANTENNADIFFAREA value defined. The library data is incomplete and some process antenna rules will not be checked correctly.
Type 'man IMPLF-201' for more detail.
**WARN: (IMPLF-201):	Pin 'S0' in macro 'sky130_osu_sc_12T_ms__mux2_1' has no ANTENNADIFFAREA value defined. The library data is incomplete and some process antenna rules will not be checked correctly.
Type 'man IMPLF-201' for more detail.
**WARN: (EMS-27):	Message (IMPLF-201) has exceeded the current message display limit of 20.
To increase the message display limit, refer to the product command reference manual.

viaInitial starts at Fri Dec  1 16:56:33 2023
viaInitial ends at Fri Dec  1 16:56:33 2023

##  Check design process and node:  
##  Both design process and tech node are not set.

Loading view definition file from /home/jstine/ecen4303/ecen4303F23/SoC_sky130/par/FF/view_definition.tcl
Reading libs_tt timing library '/programs/pdk/sky130_osu_sc_t12/12T_ms/lib/sky130_osu_sc_12T_ms_tt_1P80_25C.ccs.lib' ...
**WARN: (TECHLIB-1398):	The 'output_current_rise' waveform specified in cell 'sky130_osu_sc_12T_ms__dffnr_1' has very long tail with time value reaching '48.040298'. The last '1' points in waveform will be ignored and tool will complete the waveform using extrapolation for timing analysis. (File /programs/pdk/sky130_osu_sc_t12/12T_ms/lib/sky130_osu_sc_12T_ms_tt_1P80_25C.ccs.lib, Line 116867)
**WARN: (TECHLIB-1398):	The 'output_current_rise' waveform specified in cell 'sky130_osu_sc_12T_ms__dffnr_1' has very long tail with time value reaching '56.279999'. The last '1' points in waveform will be ignored and tool will complete the waveform using extrapolation for timing analysis. (File /programs/pdk/sky130_osu_sc_t12/12T_ms/lib/sky130_osu_sc_12T_ms_tt_1P80_25C.ccs.lib, Line 117029)
**WARN: (TECHLIB-1398):	The 'output_current_rise' waveform specified in cell 'sky130_osu_sc_12T_ms__dffnr_1' has very long tail with time value reaching '62.071899'. The last '1' points in waveform will be ignored and tool will complete the waveform using extrapolation for timing analysis. (File /programs/pdk/sky130_osu_sc_t12/12T_ms/lib/sky130_osu_sc_12T_ms_tt_1P80_25C.ccs.lib, Line 117083)
**WARN: (TECHLIB-1398):	The 'output_current_rise' waveform specified in cell 'sky130_osu_sc_12T_ms__dffnr_1' has very long tail with time value reaching '39.416901'. The last '1' points in waveform will be ignored and tool will complete the waveform using extrapolation for timing analysis. (File /programs/pdk/sky130_osu_sc_t12/12T_ms/lib/sky130_osu_sc_12T_ms_tt_1P80_25C.ccs.lib, Line 116984)
**WARN: (TECHLIB-1398):	The 'output_current_rise' waveform specified in cell 'sky130_osu_sc_12T_ms__dffnr_1' has very long tail with time value reaching '62.567299'. The last '1' points in waveform will be ignored and tool will complete the waveform using extrapolation for timing analysis. (File /programs/pdk/sky130_osu_sc_t12/12T_ms/lib/sky130_osu_sc_12T_ms_tt_1P80_25C.ccs.lib, Line 117038)
**WARN: (TECHLIB-1398):	The 'output_current_rise' waveform specified in cell 'sky130_osu_sc_12T_ms__dffnr_1' has very long tail with time value reaching '65.067703'. The last '1' points in waveform will be ignored and tool will complete the waveform using extrapolation for timing analysis. (File /programs/pdk/sky130_osu_sc_t12/12T_ms/lib/sky130_osu_sc_12T_ms_tt_1P80_25C.ccs.lib, Line 116993)
**WARN: (TECHLIB-1398):	The 'output_current_fall' waveform specified in cell 'sky130_osu_sc_12T_ms__dffnr_1' has very long tail with time value reaching '35.406399'. The last '2' points in waveform will be ignored and tool will complete the waveform using extrapolation for timing analysis. (File /programs/pdk/sky130_osu_sc_t12/12T_ms/lib/sky130_osu_sc_12T_ms_tt_1P80_25C.ccs.lib, Line 117193)
**WARN: (TECHLIB-1398):	The 'output_current_fall' waveform specified in cell 'sky130_osu_sc_12T_ms__dffnr_1' has very long tail with time value reaching '44.683899'. The last '1' points in waveform will be ignored and tool will complete the waveform using extrapolation for timing analysis. (File /programs/pdk/sky130_osu_sc_t12/12T_ms/lib/sky130_osu_sc_12T_ms_tt_1P80_25C.ccs.lib, Line 117301)
**WARN: (TECHLIB-1398):	The 'output_current_fall' waveform specified in cell 'sky130_osu_sc_12T_ms__dffnr_1' has very long tail with time value reaching '47.228699'. The last '1' points in waveform will be ignored and tool will complete the waveform using extrapolation for timing analysis. (File /programs/pdk/sky130_osu_sc_t12/12T_ms/lib/sky130_osu_sc_12T_ms_tt_1P80_25C.ccs.lib, Line 117202)
**WARN: (TECHLIB-1398):	The 'output_current_fall' waveform specified in cell 'sky130_osu_sc_12T_ms__dffnr_1' has very long tail with time value reaching '47.228600'. The last '1' points in waveform will be ignored and tool will complete the waveform using extrapolation for timing analysis. (File /programs/pdk/sky130_osu_sc_t12/12T_ms/lib/sky130_osu_sc_12T_ms_tt_1P80_25C.ccs.lib, Line 117256)
**WARN: (TECHLIB-1398):	The 'output_current_fall' waveform specified in cell 'sky130_osu_sc_12T_ms__dffnr_1' has very long tail with time value reaching '47.228199'. The last '1' points in waveform will be ignored and tool will complete the waveform using extrapolation for timing analysis. (File /programs/pdk/sky130_osu_sc_t12/12T_ms/lib/sky130_osu_sc_12T_ms_tt_1P80_25C.ccs.lib, Line 117310)
**WARN: (TECHLIB-1398):	The 'output_current_fall' waveform specified in cell 'sky130_osu_sc_12T_ms__dffnr_1' has very long tail with time value reaching '41.217300'. The last '1' points in waveform will be ignored and tool will complete the waveform using extrapolation for timing analysis. (File /programs/pdk/sky130_osu_sc_t12/12T_ms/lib/sky130_osu_sc_12T_ms_tt_1P80_25C.ccs.lib, Line 117364)
**WARN: (TECHLIB-1398):	The 'output_current_fall' waveform specified in cell 'sky130_osu_sc_12T_ms__dffnr_1' has very long tail with time value reaching '47.228600'. The last '1' points in waveform will be ignored and tool will complete the waveform using extrapolation for timing analysis. (File /programs/pdk/sky130_osu_sc_t12/12T_ms/lib/sky130_osu_sc_12T_ms_tt_1P80_25C.ccs.lib, Line 117211)
**WARN: (TECHLIB-1398):	The 'output_current_fall' waveform specified in cell 'sky130_osu_sc_12T_ms__dffnr_1' has very long tail with time value reaching '47.228600'. The last '1' points in waveform will be ignored and tool will complete the waveform using extrapolation for timing analysis. (File /programs/pdk/sky130_osu_sc_t12/12T_ms/lib/sky130_osu_sc_12T_ms_tt_1P80_25C.ccs.lib, Line 117265)
**WARN: (TECHLIB-1398):	The 'output_current_fall' waveform specified in cell 'sky130_osu_sc_12T_ms__dffnr_1' has very long tail with time value reaching '43.119801'. The last '1' points in waveform will be ignored and tool will complete the waveform using extrapolation for timing analysis. (File /programs/pdk/sky130_osu_sc_t12/12T_ms/lib/sky130_osu_sc_12T_ms_tt_1P80_25C.ccs.lib, Line 117373)
**WARN: (TECHLIB-1398):	The 'output_current_rise' waveform specified in cell 'sky130_osu_sc_12T_ms__dffnr_l' has very long tail with time value reaching '58.996201'. The last '1' points in waveform will be ignored and tool will complete the waveform using extrapolation for timing analysis. (File /programs/pdk/sky130_osu_sc_t12/12T_ms/lib/sky130_osu_sc_12T_ms_tt_1P80_25C.ccs.lib, Line 123936)
**WARN: (TECHLIB-1398):	The 'output_current_rise' waveform specified in cell 'sky130_osu_sc_12T_ms__dffnr_l' has very long tail with time value reaching '37.974800'. The last '1' points in waveform will be ignored and tool will complete the waveform using extrapolation for timing analysis. (File /programs/pdk/sky130_osu_sc_t12/12T_ms/lib/sky130_osu_sc_12T_ms_tt_1P80_25C.ccs.lib, Line 123837)
**WARN: (TECHLIB-1398):	The 'output_current_rise' waveform specified in cell 'sky130_osu_sc_12T_ms__dffnr_l' has very long tail with time value reaching '58.234402'. The last '1' points in waveform will be ignored and tool will complete the waveform using extrapolation for timing analysis. (File /programs/pdk/sky130_osu_sc_t12/12T_ms/lib/sky130_osu_sc_12T_ms_tt_1P80_25C.ccs.lib, Line 123891)
**WARN: (TECHLIB-1398):	The 'output_current_rise' waveform specified in cell 'sky130_osu_sc_12T_ms__dffnr_l' has very long tail with time value reaching '58.834599'. The last '1' points in waveform will be ignored and tool will complete the waveform using extrapolation for timing analysis. (File /programs/pdk/sky130_osu_sc_t12/12T_ms/lib/sky130_osu_sc_12T_ms_tt_1P80_25C.ccs.lib, Line 123945)
**WARN: (TECHLIB-1398):	The 'output_current_fall' waveform specified in cell 'sky130_osu_sc_12T_ms__dffnr_l' has very long tail with time value reaching '16.971100'. The last '1' points in waveform will be ignored and tool will complete the waveform using extrapolation for timing analysis. (File /programs/pdk/sky130_osu_sc_t12/12T_ms/lib/sky130_osu_sc_12T_ms_tt_1P80_25C.ccs.lib, Line 124154)
Message <TECHLIB-1398> has exceeded the message display limit of '20'. Use 'set_message -no_limit -id list_of_msgIDs' to reset the message limit.
**WARN: (TECHLIB-1279):	For cell 'sky130_osu_sc_12T_ms__dffs_1', in group 'output_current_fall', voltage swing on pin/bus/bundle 'Q' with load '0.001246' and slew '0.039000' is '86.5%', should be within five percent of 'vss'. (File /programs/pdk/sky130_osu_sc_t12/12T_ms/lib/sky130_osu_sc_12T_ms_tt_1P80_25C.ccs.lib, Line 144878)
**WARN: (TECHLIB-302):	No function defined for cell 'sky130_osu_sc_12T_ms__ant'. The cell will only be used for analysis. (File /programs/pdk/sky130_osu_sc_t12/12T_ms/lib/sky130_osu_sc_12T_ms_tt_1P80_25C.ccs.lib)
Read 57 cells in library 'sky130_osu_sc_12T_ms_tt_1P80_25C.ccs' 
*** End library_loading (cpu=0.01min, real=0.00min, mem=13.0M, fe_cpu=0.23min, fe_real=0.25min, fe_mem=1124.0M) ***
#% Begin Load netlist data ... (date=12/01 16:56:33, mem=487.3M)
*** Begin netlist parsing (mem=1124.0M) ***
**WARN: (IMPVL-159):	Pin 'gnd' of cell 'sky130_osu_sc_12T_ms__xor2_l' is defined in LEF but not in the timing library.
Type 'man IMPVL-159' for more detail.
**WARN: (IMPVL-159):	Pin 'vdd' of cell 'sky130_osu_sc_12T_ms__xor2_l' is defined in LEF but not in the timing library.
Type 'man IMPVL-159' for more detail.
**WARN: (IMPVL-159):	Pin 'gnd' of cell 'sky130_osu_sc_12T_ms__xnor2_l' is defined in LEF but not in the timing library.
Type 'man IMPVL-159' for more detail.
**WARN: (IMPVL-159):	Pin 'vdd' of cell 'sky130_osu_sc_12T_ms__xnor2_l' is defined in LEF but not in the timing library.
Type 'man IMPVL-159' for more detail.
**WARN: (IMPVL-159):	Pin 'gnd' of cell 'sky130_osu_sc_12T_ms__tnbufi_l' is defined in LEF but not in the timing library.
Type 'man IMPVL-159' for more detail.
**WARN: (IMPVL-159):	Pin 'vdd' of cell 'sky130_osu_sc_12T_ms__tnbufi_l' is defined in LEF but not in the timing library.
Type 'man IMPVL-159' for more detail.
**WARN: (IMPVL-159):	Pin 'gnd' of cell 'sky130_osu_sc_12T_ms__tnbufi_1' is defined in LEF but not in the timing library.
Type 'man IMPVL-159' for more detail.
**WARN: (IMPVL-159):	Pin 'vdd' of cell 'sky130_osu_sc_12T_ms__tnbufi_1' is defined in LEF but not in the timing library.
Type 'man IMPVL-159' for more detail.
**WARN: (IMPVL-159):	Pin 'gnd' of cell 'sky130_osu_sc_12T_ms__tielo' is defined in LEF but not in the timing library.
Type 'man IMPVL-159' for more detail.
**WARN: (IMPVL-159):	Pin 'vdd' of cell 'sky130_osu_sc_12T_ms__tielo' is defined in LEF but not in the timing library.
Type 'man IMPVL-159' for more detail.
**WARN: (IMPVL-159):	Pin 'gnd' of cell 'sky130_osu_sc_12T_ms__tiehi' is defined in LEF but not in the timing library.
Type 'man IMPVL-159' for more detail.
**WARN: (IMPVL-159):	Pin 'vdd' of cell 'sky130_osu_sc_12T_ms__tiehi' is defined in LEF but not in the timing library.
Type 'man IMPVL-159' for more detail.
**WARN: (IMPVL-159):	Pin 'gnd' of cell 'sky130_osu_sc_12T_ms__tbufi_l' is defined in LEF but not in the timing library.
Type 'man IMPVL-159' for more detail.
**WARN: (IMPVL-159):	Pin 'vdd' of cell 'sky130_osu_sc_12T_ms__tbufi_l' is defined in LEF but not in the timing library.
Type 'man IMPVL-159' for more detail.
**WARN: (IMPVL-159):	Pin 'gnd' of cell 'sky130_osu_sc_12T_ms__tbufi_1' is defined in LEF but not in the timing library.
Type 'man IMPVL-159' for more detail.
**WARN: (IMPVL-159):	Pin 'vdd' of cell 'sky130_osu_sc_12T_ms__tbufi_1' is defined in LEF but not in the timing library.
Type 'man IMPVL-159' for more detail.
**WARN: (IMPVL-159):	Pin 'gnd' of cell 'sky130_osu_sc_12T_ms__or2_l' is defined in LEF but not in the timing library.
Type 'man IMPVL-159' for more detail.
**WARN: (IMPVL-159):	Pin 'vdd' of cell 'sky130_osu_sc_12T_ms__or2_l' is defined in LEF but not in the timing library.
Type 'man IMPVL-159' for more detail.
**WARN: (IMPVL-159):	Pin 'gnd' of cell 'sky130_osu_sc_12T_ms__or2_8' is defined in LEF but not in the timing library.
Type 'man IMPVL-159' for more detail.
**WARN: (IMPVL-159):	Pin 'vdd' of cell 'sky130_osu_sc_12T_ms__or2_8' is defined in LEF but not in the timing library.
Type 'man IMPVL-159' for more detail.
**WARN: (EMS-27):	Message (IMPVL-159) has exceeded the current message display limit of 20.
To increase the message display limit, refer to the product command reference manual.
Created 57 new cells from 1 timing libraries.
Reading netlist ...
Backslashed names will retain backslash and a trailing blank character.
Reading verilog netlist '/home/jstine/ecen4303/ecen4303F23/SoC_sky130/synth/mapped/mult_alone.vh'

*** Memory Usage v#1 (Current mem = 1123.984M, initial mem = 497.086M) ***
*** End netlist parsing (cpu=0:00:00.0, real=0:00:00.0, mem=1124.0M) ***
#% End Load netlist data ... (date=12/01 16:56:33, total cpu=0:00:00.0, real=0:00:00.0, peak res=491.2M, current mem=491.2M)
Set top cell to mult_alone.
**WARN: (IMPTS-124):	Timing library description of pin 'ON' is missing from cell 'sky130_osu_sc_12T_ms__dff_l' in timing library 'sky130_osu_sc_12T_ms_tt_1P80_25C.ccs'.
**WARN: (IMPTS-124):	Timing library description of pin 'ON' is missing from cell 'sky130_osu_sc_12T_ms__dff_1' in timing library 'sky130_osu_sc_12T_ms_tt_1P80_25C.ccs'.
Hooked 57 DB cells to tlib cells.
** Removed 2 unused lib cells.
Starting recursive module instantiation check.
No recursion found.
Building hierarchical netlist for Cell mult_alone ...
*** Netlist is unique.
Set DBUPerIGU to techSite 12T width 110.
** info: there are 67 modules.
** info: there are 444 stdCell insts.

*** Memory Usage v#1 (Current mem = 1138.398M, initial mem = 497.086M) ***
Horizontal Layer M1 offset = 185 (guessed)
Vertical Layer M2 offset = 240 (guessed)
Suggestion: specify LAYER OFFSET in LEF file
Reason: hard to extract LAYER OFFSET from standard cells
Generated pitch 3.66 in met5 is different from 3.33 defined in technology file in preferred direction.
Generated pitch 0.615 in met4 is different from 0.96 defined in technology file in preferred direction.
Generated pitch 0.61 in met3 is different from 0.74 defined in technology file in preferred direction.
Set Default Net Delay as 1000 ps.
Set Default Net Load as 0.5 pF. 
Set Default Input Pin Transition as 0.1 ps.
Extraction setup Started 
Initializing multi-corner RC extraction with 1 active RC Corners ...
**WARN: (IMPEXT-2773):	The via resistance between layers M0 and M1 could not be determined from the LEF technology file because the via resistance specification is missing. A default of 4 Ohms will be used as via resistance between these layers.
Type 'man IMPEXT-2773' for more detail.
**WARN: (IMPEXT-2773):	The via resistance between layers M1 and M2 could not be determined from the LEF technology file because the via resistance specification is missing. A default of 4 Ohms will be used as via resistance between these layers.
Type 'man IMPEXT-2773' for more detail.
**WARN: (IMPEXT-2773):	The via resistance between layers M2 and M3 could not be determined from the LEF technology file because the via resistance specification is missing. A default of 4 Ohms will be used as via resistance between these layers.
Type 'man IMPEXT-2773' for more detail.
**WARN: (IMPEXT-2773):	The via resistance between layers M3 and M4 could not be determined from the LEF technology file because the via resistance specification is missing. A default of 4 Ohms will be used as via resistance between these layers.
Type 'man IMPEXT-2773' for more detail.
**WARN: (IMPEXT-2773):	The via resistance between layers M4 and M5 could not be determined from the LEF technology file because the via resistance specification is missing. A default of 4 Ohms will be used as via resistance between these layers.
Type 'man IMPEXT-2773' for more detail.
**WARN: (IMPEXT-2766):	The sheet resistance for layer M1 is not defined in the cap table. Therefore, the LEF value 0.125 will be used instead. To avoid this message, update the relevant cap table to include the sheet resistance for the specified layer and read it back in.
**WARN: (IMPEXT-2766):	The sheet resistance for layer M2 is not defined in the cap table. Therefore, the LEF value 0.125 will be used instead. To avoid this message, update the relevant cap table to include the sheet resistance for the specified layer and read it back in.
**WARN: (IMPEXT-2766):	The sheet resistance for layer M3 is not defined in the cap table. Therefore, the LEF value 0.047 will be used instead. To avoid this message, update the relevant cap table to include the sheet resistance for the specified layer and read it back in.
**WARN: (IMPEXT-2766):	The sheet resistance for layer M4 is not defined in the cap table. Therefore, the LEF value 0.047 will be used instead. To avoid this message, update the relevant cap table to include the sheet resistance for the specified layer and read it back in.
**WARN: (IMPEXT-2766):	The sheet resistance for layer M5 is not defined in the cap table. Therefore, the LEF value 0.0285 will be used instead. To avoid this message, update the relevant cap table to include the sheet resistance for the specified layer and read it back in.
Summary of Active RC-Corners : 
 
 Analysis View: setup_func
    RC-Corner Name        : rc_typ
    RC-Corner Index       : 0
    RC-Corner Temperature : 25 Celsius
    RC-Corner Cap Table   : ''
    RC-Corner PreRoute Res Factor         : 1
    RC-Corner PreRoute Cap Factor         : 1
    RC-Corner PostRoute Res Factor        : 1 {1 1 1}
    RC-Corner PostRoute Cap Factor        : 1 {1 1 1}
    RC-Corner PostRoute XCap Factor       : 1 {1 1 1}
    RC-Corner PreRoute Clock Res Factor   : 1
    RC-Corner PreRoute Clock Cap Factor   : 1	[Derived from Cap Table]
    RC-Corner PostRoute Clock Cap Factor  : 1 {1 1 1} 	[Derived from postRoute_cap (effortLevel low)]
    RC-Corner PostRoute Clock Res Factor  : 1 {1 1 1} 	[Derived from postRoute_res (effortLevel low)]
 
 Analysis View: hold_func
    RC-Corner Name        : rc_typ
    RC-Corner Index       : 0
    RC-Corner Temperature : 25 Celsius
    RC-Corner Cap Table   : ''
    RC-Corner PreRoute Res Factor         : 1
    RC-Corner PreRoute Cap Factor         : 1
    RC-Corner PostRoute Res Factor        : 1 {1 1 1}
    RC-Corner PostRoute Cap Factor        : 1 {1 1 1}
    RC-Corner PostRoute XCap Factor       : 1 {1 1 1}
    RC-Corner PreRoute Clock Res Factor   : 1
    RC-Corner PreRoute Clock Cap Factor   : 1	[Derived from Cap Table]
    RC-Corner PostRoute Clock Cap Factor  : 1 {1 1 1} 	[Derived from postRoute_cap (effortLevel low)]
    RC-Corner PostRoute Clock Res Factor  : 1 {1 1 1} 	[Derived from postRoute_res (effortLevel low)]
Updating RC grid for preRoute extraction ...
Initializing multi-corner resistance tables ...
*Info: initialize multi-corner CTS.
Reading timing constraints file '/home/jstine/ecen4303/ecen4303F23/SoC_sky130/synth/mapped/mult_alone.sdc' ...
Current (total cpu=0:00:14.4, real=0:00:16.0, peak res=678.5M, current mem=678.5M)
**WARN: (TCLCMD-1461):	Skipped unsupported command: set_units (File /home/jstine/ecen4303/ecen4303F23/SoC_sky130/synth/mapped/mult_alone.sdc, Line 8).

INFO (CTE): Reading of timing constraints file /home/jstine/ecen4303/ecen4303F23/SoC_sky130/synth/mapped/mult_alone.sdc completed, with 1 WARNING
Ending "Constraint file reading stats" (total cpu=0:00:00.0, real=0:00:00.0, peak res=697.9M, current mem=697.9M)
Current (total cpu=0:00:14.5, real=0:00:16.0, peak res=697.9M, current mem=697.9M)
Total number of combinational cells: 43
Total number of sequential cells: 8
Total number of tristate cells: 4
Total number of level shifter cells: 0
Total number of power gating cells: 0
Total number of isolation cells: 0
Total number of power switch cells: 0
Total number of pulse generator cells: 0
Total number of always on buffers: 0
Total number of retention cells: 0
List of usable buffers: sky130_osu_sc_12T_ms__buf_l sky130_osu_sc_12T_ms__buf_1 sky130_osu_sc_12T_ms__buf_2 sky130_osu_sc_12T_ms__buf_4 sky130_osu_sc_12T_ms__buf_8
Total number of usable buffers: 5
List of unusable buffers:
Total number of unusable buffers: 0
List of usable inverters: sky130_osu_sc_12T_ms__inv_1 sky130_osu_sc_12T_ms__inv_10 sky130_osu_sc_12T_ms__inv_l sky130_osu_sc_12T_ms__inv_2 sky130_osu_sc_12T_ms__inv_3 sky130_osu_sc_12T_ms__inv_4 sky130_osu_sc_12T_ms__inv_6 sky130_osu_sc_12T_ms__inv_8
Total number of usable inverters: 8
List of unusable inverters:
Total number of unusable inverters: 0
List of identified usable delay cells:
Total number of identified usable delay cells: 0
List of identified unusable delay cells:
Total number of identified unusable delay cells: 0
No delay cells were detected in the set of buffers. Buffers will be used to fix hold violations.
#% Begin Load MMMC data post ... (date=12/01 16:56:34, mem=719.3M)
#% End Load MMMC data post ... (date=12/01 16:56:34, total cpu=0:00:00.0, real=0:00:00.0, peak res=719.3M, current mem=719.3M)

*** Summary of all messages that are not suppressed in this session:
Severity  ID               Count  Summary                                  
WARNING   IMPLF-155            5  ViaRule only supports routing/cut layer,...
WARNING   IMPLF-200          112  Pin '%s' in macro '%s' has no ANTENNAGAT...
WARNING   IMPLF-201           75  Pin '%s' in macro '%s' has no ANTENNADIF...
WARNING   IMPLF-108            1  There is no overlap layer defined in any...
WARNING   IMPTS-124            2  Timing library description of pin '%s' i...
WARNING   IMPEXT-2766          5  The sheet resistance for layer %s is not...
WARNING   IMPEXT-2773          5  The via resistance between layers %s and...
WARNING   IMPVL-159          112  Pin '%s' of cell '%s' is defined in LEF ...
WARNING   TCLCMD-1461          1  Skipped unsupported command: %s          
WARNING   TECHLIB-302          1  No function defined for cell '%s'. The c...
WARNING   TECHLIB-1279         1  For cell '%s', in group '%s', voltage sw...
WARNING   TECHLIB-1398       102  The '%s' waveform specified in cell '%s'...
*** Message Summary: 422 warning(s), 0 error(s)

<CMD> um::push_snapshot_stack
<CMD> add_tracks
Generated pitch 3.66 in met5 is different from 3.33 defined in technology file in preferred direction.
Generated pitch 0.615 in met4 is different from 0.96 defined in technology file in preferred direction.
Generated pitch 0.61 in met3 is different from 0.74 defined in technology file in preferred direction.
<FF> DERATING DELAY CORNERS ...
<CMD> setMaxRouteLayer 5
<CMD> setDesignMode -process 130
##  Process: 130           (User Set)               
##     Node: (not set)                           

##  Check design process and node:  
##  Design tech node is not set.

Applying the recommended capacitance filtering threshold values for 130nm process node: total_c_th=0, relative_c_th=1 and coupling_c_th=0.4.
	These values will be used by all post-route extraction engines, including TQuantus, IQuantus and Quantus QRC extraction.
	Capacitance filtering mode(-capFilterMode option of the setExtractRCMode) is 'relAndCoup' for all engines.
	The accuracy mode for postRoute effortLevel low extraction will be set to 'standard'.
	Default value for EffortLevel(-effortLevel option of the setExtractRCMode) in postRoute extraction mode is 'low'.
<FF> LOADING 'post_init_tcl' PLUG-IN FILE(s) 
<FF> -> PLUG/INNOVUS/post_init.tcl
<CMD> floorPlan -r 1.0 0.6 40.05 40.8 40.05 42
Horizontal Layer M1 offset = 185 (guessed)
Vertical Layer M2 offset = 240 (guessed)
Suggestion: specify LAYER OFFSET in LEF file
Reason: hard to extract LAYER OFFSET from standard cells
Generated pitch 3.66 in met5 is different from 3.33 defined in technology file in preferred direction.
Generated pitch 0.615 in met4 is different from 0.96 defined in technology file in preferred direction.
Generated pitch 0.61 in met3 is different from 0.74 defined in technology file in preferred direction.
**WARN: (IMPFP-325):	Floorplan of the design is resized. All current floorplan objects are automatically derived based on specified new floorplan. This may change blocks, fixed standard cells, existing routes and blockages.
<CMD> globalNetConnect VSS -type pgpin -pin gnd -inst *
<CMD> globalNetConnect VDD -type pgpin -pin vdd -inst *
<CMD> setAddRingMode -ring_target default -extend_over_row 0 -ignore_rows 0 -avoid_short 0 -skip_crossing_trunks none -stacked_via_top_layer metal3 -stacked_via_bottom_layer metal1 -via_using_exact_crossover_size 1 -orthogonal_only true -skip_via_on_pin {  standardcell } -skip_via_on_wire_shape {  noshape }
The ring targets are set to core/block ring wires.
addRing command will consider rows while creating rings.
addRing command will disallow rings to go over rows.
addRing command will ignore shorts while creating rings.
<CMD> addRing -nets {VDD VSS} -type core_rings -follow core -layer {top metal1 bottom metal1 left metal2 right metal2} -width {top 14.4 bottom 14.4 left 14.4 right 14.4} -spacing {top 1.8 bottom 1.8 left 1.8 right 1.8} -offset {top 1.8 bottom 1.8 left 1.8 right 1.8} -center 0 -extend_corner {} -threshold 0 -jog_distance 0 -snap_wire_center_to_grid None
#% Begin addRing (date=12/01 16:56:34, mem=720.7M)

**WARN: (IMPPP-642):	The layer 'metal1' specified in option -bottom_layer does not exist, use 'met1' instead.
**WARN: (IMPPP-642):	The layer 'metal3' specified in option -top_layer does not exist, use 'met5' instead.
**ERROR: (IMPPP-182):	You have specified an invalid layer 'metal1'.
Loading cell geometries (cpu: 0:00:00.0, real: 0:00:00.0, peak mem: 1363.6M)
**ERROR: (IMPPP-182):	You have specified an invalid layer ' '.
**ERROR: (IMPPP-182):	You have specified an invalid layer ' '.
**ERROR: (IMPPP-182):	You have specified an invalid layer ' '.
**ERROR: (IMPPP-182):	You have specified an invalid layer ' '.
**ERROR: Error: Invalid Layers specified. 
#% End addRing (date=12/01 16:56:34, total cpu=0:00:00.0, real=0:00:00.0, peak res=721.4M, current mem=721.4M)
<CMD> setSrouteMode -viaConnectToShape { noshape }
<CMD> sroute -connect { blockPin padPin padRing corePin floatingStripe } -layerChangeRange { metal1(1) metal3(3) } -blockPinTarget { nearestTarget } -padPinPortConnect { allPort oneGeom } -padPinTarget { nearestTarget } -corePinTarget { firstAfterRowEnd } -floatingStripeTarget { blockring padring ring stripe ringpin blockpin followpin } -allowJogging 1 -crossoverViaLayerRange { metal1(1) metal3(3) } -nets { VDD VSS } -allowLayerChange 1 -blockPin useLef -targetViaLayerRange { metal1(1) metal3(3) }
#% Begin sroute (date=12/01 16:56:34, mem=721.5M)
**ERROR: (IMPSR-4060):	No layer found by lef layer named metal1.
#% End sroute (date=12/01 16:56:34, total cpu=0:00:00.0, real=0:00:00.0, peak res=721.6M, current mem=721.6M)
<CMD> timeDesign -preplace -prefix preplace -outDir RPT
Setting timing_disable_library_data_to_data_checks to 'true'.
Setting timing_disable_user_data_to_data_checks to 'true'.
Set Using Default Delay Limit as 101.
**WARN: (IMPDC-1629):	The default delay limit was set to 101. This is less than the default of 1000 and may result in inaccurate delay calculation for nets with a fanout higher than the setting.  If needed, the default delay limit may be adjusted by running the command 'set delaycal_use_default_delay_limit'.
Setting High Fanout Nets ( > 100 ) as ideal temporarily for -prePlace option
Set Default Net Delay as 0 ps.
Set Default Net Load as 0 pF. 
**WARN: (IMPSP-362):	Site '12T' has one std.Cell height, so ignoring its X-symmetry.
Starting delay calculation for Setup views
AAE DB initialization (MEM=1412.88 CPU=0:00:00.2 REAL=0:00:00.0) 
#################################################################################
# Design Stage: PreRoute
# Design Name: mult_alone
# Design Mode: 130nm
# Analysis Mode: MMMC Non-OCV 
# Parasitics Mode: No SPEF/RCDB
# Signoff Settings: SI Off 
#################################################################################
Calculate delays in Single mode...
Start delay calculation (fullDC) (1 T). (MEM=1413.88)
siFlow : Timing analysis mode is single, using late cdB files
Total number of fetched objects 478
End delay calculation. (MEM=1519.24 CPU=0:00:00.1 REAL=0:00:00.0)
End delay calculation (fullDC). (MEM=1501.7 CPU=0:00:00.4 REAL=0:00:00.0)
*** Done Building Timing Graph (cpu=0:00:01.0 real=0:00:01.0 totSessionCpu=0:00:15.8 mem=1501.7M)

------------------------------------------------------------
          timeDesign Summary                             
------------------------------------------------------------

Setup views included:
 setup_func 

+--------------------+---------+---------+---------+
|     Setup mode     |   all   | reg2reg | default |
+--------------------+---------+---------+---------+
|           WNS (ns):|  3.322  |  5.081  |  3.322  |
|           TNS (ns):|  0.000  |  0.000  |  0.000  |
|    Violating Paths:|    0    |    0    |    0    |
|          All Paths:|   48    |   16    |   48    |
+--------------------+---------+---------+---------+

Density: 59.940%
------------------------------------------------------------
Set Using Default Delay Limit as 1000.
Resetting back High Fanout Nets as non-ideal
Set Default Net Delay as 1000 ps.
Set Default Net Load as 0.5 pF. 
Reported timing to dir RPT
Total CPU time: 1.31 sec
Total Real time: 1.0 sec
Total Memory Usage: 1437.179688 Mbytes
<CMD> checkDesign -all
Creating directory checkDesign.
**WARN: (IMPREPO-210):	There are 110 Cells PG Pins with missing geometry.
Begin checking placement ... (start mem=1437.2M, init mem=1437.3M)
*info: Recommended don't use cell = 0           
*info: Placed = 0             
*info: Unplaced = 444         
Placement Density:59.94%(4294/7164)
Placement Density (including fixed std cells):59.94%(4294/7164)
Finished checkPlace (total: cpu=0:00:00.0, real=0:00:00.0; vio checks: cpu=0:00:00.0, real=0:00:00.0; mem=1437.2M)
############################################################################
# Innovus Netlist Design Rule Check
# Fri Dec  1 16:56:35 2023

############################################################################
Design: mult_alone

------ Design Summary:
Total Standard Cell Number   (cells) : 444
Total Block Cell Number      (cells) : 0
Total I/O Pad Cell Number    (cells) : 0
Total Standard Cell Area     ( um^2) : 4294.01
Total Block Cell Area        ( um^2) : 0.00
Total I/O Pad Cell Area      ( um^2) : 0.00

------ Design Statistics:

Number of Instances            : 444
Number of Non-uniquified Insts : 444
Number of Nets                 : 478
Average number of Pins per Net : 2.94
Maximum number of Pins in Net  : 17

------ I/O Port summary

Number of Primary I/O Ports    : 34
Number of Input Ports          : 18
Number of Output Ports         : 16
Number of Bidirectional Ports  : 0
Number of Power/Ground Ports   : 0
Number of Floating Ports                     *: 0
Number of Ports Connected to Multiple Pads   *: 0
Number of Ports Connected to Core Instances   : 34
**WARN: (IMPREPO-202):	There are 34 Ports connected to core instances.

------ Design Rule Checking:

Number of Output Pins connect to Power/Ground *: 0
Number of Insts with Input Pins tied together ?: 0
Number of TieHi/Lo term nets not connected to instance's PG terms ?: 0
Number of Input/InOut Floating Pins            : 0
Number of Output Floating Pins                 : 0
Number of Output Term Marked TieHi/Lo         *: 0

Number of nets with tri-state drivers          : 0
Number of nets with parallel drivers           : 0
Number of nets with multiple drivers           : 0
Number of nets with no driver (No FanIn)       : 0
Number of Output Floating nets (No FanOut)     : 2
Number of High Fanout nets (>50)               : 0
**WARN: (IMPREPO-213):	There are 34 I/O Pins connected to Non-IO Insts.
Checking for any assigns in the netlist...
  No assigns found.
Checking routing tracks.....
Checking other grids.....
Checking routing blockage.....
Checking components.....
Checking constraints (guide/region/fence).....
Checking groups.....
Checking Ptn Core Box.....

Checking Preroutes.....
No. of regular pre-routes not on tracks : 0 
 Design check done.
Report saved in file checkDesign/mult_alone.main.htm.ascii.

*** Summary of all messages that are not suppressed in this session:
Severity  ID               Count  Summary                                  
WARNING   IMPREPO-202          1  There are %d Ports connected to core ins...
WARNING   IMPREPO-210          1  There are %d Cells PG Pins with missing ...
WARNING   IMPREPO-213          1  There are %d I/O Pins connected to Non-I...
*** Message Summary: 3 warning(s), 0 error(s)

<CMD> check_timing
#################################################################################
# Design Stage: PreRoute
# Design Name: mult_alone
# Design Mode: 130nm
# Analysis Mode: MMMC Non-OCV 
# Parasitics Mode: No SPEF/RCDB
# Signoff Settings: SI Off 
#################################################################################
Calculate delays in Single mode...
Start delay calculation (fullDC) (1 T). (MEM=1450.77)
Total number of fetched objects 478
End delay calculation. (MEM=1509.98 CPU=0:00:00.1 REAL=0:00:00.0)
End delay calculation (fullDC). (MEM=1509.98 CPU=0:00:00.4 REAL=0:00:01.0)
     +-----------------------------------------------------------+ 
     |                   TIMING CHECK SUMMARY                    | 
     |-----------------------------------------------------------| 
     |       Warning        |   Warning Description   |  Number  | 
     |                      |                         |    of    | 
     |                      |                         | Warnings | 
     |----------------------+-------------------------+----------| 
     | ideal_clock_waveform | Clock waveform is ideal |        1 | 
     | no_drive             | No drive assertion      |        1 | 
     +-----------------------------------------------------------+ 
<CMD> um::pop_snapshot_stack
<CMD> getOptMode -multiBitFlopOpt -quiet
UM:   timing.setup.tns  timing.setup.wns  snapshot
UM:           0.000 ns          3.322 ns  init
<CMD> um::get_metric_definition -name *.drc
<CMD> um::get_metric_definition -name *.drc.layer:*
<CMD> um::get_metric_definition -name *.drc.layer:*.type:*
<CMD> um::get_metric_definition -name *.drc.type:*
<CMD> um::get_metric_definition -name check.drc
<CMD> um::get_metric_definition -name check.drc.antenna
<CMD> um::get_metric_definition -name check.place.*
<CMD> um::get_metric_definition -name clock.area.buffer
<CMD> um::get_metric_definition -name clock.area.clkgate
<CMD> um::get_metric_definition -name clock.area.inverter
<CMD> um::get_metric_definition -name clock.area.logic
<CMD> um::get_metric_definition -name clock.area.nonicg
<CMD> um::get_metric_definition -name clock.area.total
<CMD> um::get_metric_definition -name clock.area_distribution.buffer.base_cell:*
<CMD> um::get_metric_definition -name clock.area_distribution.clkgate.base_cell:*
<CMD> um::get_metric_definition -name clock.area_distribution.inverter.base_cell:*
<CMD> um::get_metric_definition -name clock.area_distribution.logic.base_cell:*
<CMD> um::get_metric_definition -name clock.area_distribution.nonicg.base_cell:*
<CMD> um::get_metric_definition -name clock.buffer_depth_constraint.skew_group:*.*
<CMD> um::get_metric_definition -name clock.capacitance.gate.leaf
<CMD> um::get_metric_definition -name clock.capacitance.gate.top
<CMD> um::get_metric_definition -name clock.capacitance.gate.trunk
<CMD> um::get_metric_definition -name clock.capacitance.sink.*
<CMD> um::get_metric_definition -name clock.capacitance.total.leaf
<CMD> um::get_metric_definition -name clock.capacitance.total.top
<CMD> um::get_metric_definition -name clock.capacitance.total.trunk
<CMD> um::get_metric_definition -name clock.capacitance.wire.leaf
<CMD> um::get_metric_definition -name clock.capacitance.wire.top
<CMD> um::get_metric_definition -name clock.capacitance.wire.trunk
<CMD> um::get_metric_definition -name clock.drv.nets.capacitance.*
<CMD> um::get_metric_definition -name clock.drv.nets.capacitance.count
<CMD> um::get_metric_definition -name clock.drv.nets.capacitance.max
<CMD> um::get_metric_definition -name clock.drv.nets.fanout.*
<CMD> um::get_metric_definition -name clock.drv.nets.fanout.count
<CMD> um::get_metric_definition -name clock.drv.nets.fanout.max
<CMD> um::get_metric_definition -name clock.drv.nets.length.*
<CMD> um::get_metric_definition -name clock.drv.nets.length.count
<CMD> um::get_metric_definition -name clock.drv.nets.length.max
<CMD> um::get_metric_definition -name clock.drv.nets.remaining
<CMD> um::get_metric_definition -name clock.drv.nets.resistance.*
<CMD> um::get_metric_definition -name clock.drv.nets.resistance.count
<CMD> um::get_metric_definition -name clock.drv.nets.resistance.max
<CMD> um::get_metric_definition -name clock.drv.nets.unfixable
<CMD> um::get_metric_definition -name clock.halo.clock_tree:*.count
<CMD> um::get_metric_definition -name clock.halo.clock_tree:*.violations
<CMD> um::get_metric_definition -name clock.instances.buffer
<CMD> um::get_metric_definition -name clock.instances.buffer.creator.*
<CMD> um::get_metric_definition -name clock.instances.clkgate
<CMD> um::get_metric_definition -name clock.instances.inverter
<CMD> um::get_metric_definition -name clock.instances.inverter.creator.*
<CMD> um::get_metric_definition -name clock.instances.logic
<CMD> um::get_metric_definition -name clock.instances.nonicg
<CMD> um::get_metric_definition -name clock.instances.total
<CMD> um::get_metric_definition -name clock.instances_distribution.buffer.base_cell:*
<CMD> um::get_metric_definition -name clock.instances_distribution.clkgate.base_cell:*
<CMD> um::get_metric_definition -name clock.instances_distribution.inverter.base_cell:*
<CMD> um::get_metric_definition -name clock.instances_distribution.logic.base_cell:*
<CMD> um::get_metric_definition -name clock.instances_distribution.nonicg.base_cell:*
<CMD> um::get_metric_definition -name clock.latency.primary_reporting_skew_group.primary_half_corner.*
<CMD> um::get_metric_definition -name clock.latency.skew_group:*.delay_corner:*.early.*
<CMD> um::get_metric_definition -name clock.latency.skew_group:*.delay_corner:*.late.*
<CMD> um::get_metric_definition -name clock.nets.length.leaf
<CMD> um::get_metric_definition -name clock.nets.length.top
<CMD> um::get_metric_definition -name clock.nets.length.total
<CMD> um::get_metric_definition -name clock.nets.length.trunk
<CMD> um::get_metric_definition -name clock.skew.primary_reporting_skew_group.primary_half_corner.*
<CMD> um::get_metric_definition -name clock.skew.primary_reporting_skew_group.primary_half_corner.skew_band.*
<CMD> um::get_metric_definition -name clock.skew.skew_group:*.delay_corner:*.early.gate
<CMD> um::get_metric_definition -name clock.skew.skew_group:*.delay_corner:*.early.skew_band.*
<CMD> um::get_metric_definition -name clock.skew.skew_group:*.delay_corner:*.early.target
<CMD> um::get_metric_definition -name clock.skew.skew_group:*.delay_corner:*.early.target_met
<CMD> um::get_metric_definition -name clock.skew.skew_group:*.delay_corner:*.early.total
<CMD> um::get_metric_definition -name clock.skew.skew_group:*.delay_corner:*.early.wire
<CMD> um::get_metric_definition -name clock.skew.skew_group:*.delay_corner:*.late.gate
<CMD> um::get_metric_definition -name clock.skew.skew_group:*.delay_corner:*.late.skew_band.*
<CMD> um::get_metric_definition -name clock.skew.skew_group:*.delay_corner:*.late.target
<CMD> um::get_metric_definition -name clock.skew.skew_group:*.delay_corner:*.late.target_met
<CMD> um::get_metric_definition -name clock.skew.skew_group:*.delay_corner:*.late.total
<CMD> um::get_metric_definition -name clock.skew.skew_group:*.delay_corner:*.late.wire
<CMD> um::get_metric_definition -name clock.stage_depth_constraint.*
<CMD> um::get_metric_definition -name clock.transition.auto_target.delay_corner:*.early.clock_tree:*
<CMD> um::get_metric_definition -name clock.transition.auto_target.delay_corner:*.late.clock_tree:*
<CMD> um::get_metric_definition -name clock.transition.primary_half_corner.leaf.*.*
<CMD> um::get_metric_definition -name clock.transition.primary_half_corner.leaf.*.max
<CMD> um::get_metric_definition -name clock.transition.primary_half_corner.top.*.*
<CMD> um::get_metric_definition -name clock.transition.primary_half_corner.top.*.max
<CMD> um::get_metric_definition -name clock.transition.primary_half_corner.trunk.*.*
<CMD> um::get_metric_definition -name clock.transition.primary_half_corner.trunk.*.max
<CMD> um::get_metric_definition -name clock.transition.target.delay_corner:*.early.leaf.clock_tree:*
<CMD> um::get_metric_definition -name clock.transition.target.delay_corner:*.early.top.clock_tree:*
<CMD> um::get_metric_definition -name clock.transition.target.delay_corner:*.early.trunk.clock_tree:*
<CMD> um::get_metric_definition -name clock.transition.target.delay_corner:*.late.leaf.clock_tree:*
<CMD> um::get_metric_definition -name clock.transition.target.delay_corner:*.late.top.clock_tree:*
<CMD> um::get_metric_definition -name clock.transition.target.delay_corner:*.late.trunk.clock_tree:*
<CMD> um::get_metric_definition -name clock.transition.target.primary_half_corner.leaf.*
<CMD> um::get_metric_definition -name clock.transition.target.primary_half_corner.top.*
<CMD> um::get_metric_definition -name clock.transition.target.primary_half_corner.trunk.*
<CMD> um::get_metric_definition -name design.area
<CMD> um::get_metric_definition -name design.area.always_on
<CMD> um::get_metric_definition -name design.area.blackbox
<CMD> um::get_metric_definition -name design.area.buffer
<CMD> um::get_metric_definition -name design.area.combinatorial
<CMD> um::get_metric_definition -name design.area.hinst:*
<CMD> um::get_metric_definition -name design.area.icg
<CMD> um::get_metric_definition -name design.area.inverter
<CMD> um::get_metric_definition -name design.area.io
<CMD> um::get_metric_definition -name design.area.isolation
<CMD> um::get_metric_definition -name design.area.latch
<CMD> um::get_metric_definition -name design.area.level_shifter
<CMD> um::get_metric_definition -name design.area.logical
<CMD> um::get_metric_definition -name design.area.macro
<CMD> um::get_metric_definition -name design.area.physical
<CMD> um::get_metric_definition -name design.area.power_switch
<CMD> um::get_metric_definition -name design.area.register
<CMD> um::get_metric_definition -name design.area.std_cell
<CMD> um::get_metric_definition -name design.area.vth:*
<CMD> um::get_metric_definition -name design.area.vth:*.ratio
<CMD> um::get_metric_definition -name design.blockages.place.area
<CMD> um::get_metric_definition -name design.blockages.route.area
<CMD> um::get_metric_definition -name design.blockages.route.area.layer:*
<CMD> um::get_metric_definition -name design.congestion.hotspot.max
<CMD> um::get_metric_definition -name design.congestion.hotspot.total
<CMD> um::get_metric_definition -name design.density
<CMD> um::get_metric_definition -name design.floorplan.image
<CMD> um::get_metric_definition -name design.instances
<CMD> um::get_metric_definition -name design.instances.always_on
<CMD> um::get_metric_definition -name design.instances.blackbox
<CMD> um::get_metric_definition -name design.instances.buffer
<CMD> um::get_metric_definition -name design.instances.combinatorial
<CMD> um::get_metric_definition -name design.instances.hinst:*
<CMD> um::get_metric_definition -name design.instances.icg
<CMD> um::get_metric_definition -name design.instances.inverter
<CMD> um::get_metric_definition -name design.instances.io
<CMD> um::get_metric_definition -name design.instances.isolation
<CMD> um::get_metric_definition -name design.instances.latch
<CMD> um::get_metric_definition -name design.instances.level_shifter
<CMD> um::get_metric_definition -name design.instances.logical
<CMD> um::get_metric_definition -name design.instances.macro
<CMD> um::get_metric_definition -name design.instances.physical
<CMD> um::get_metric_definition -name design.instances.power_switch
<CMD> um::get_metric_definition -name design.instances.register
<CMD> um::get_metric_definition -name design.instances.std_cell
<CMD> um::get_metric_definition -name design.instances.vth:*
<CMD> um::get_metric_definition -name design.instances.vth:*.ratio
<CMD> um::get_metric_definition -name design.multibit.*
<CMD> um::get_metric_definition -name design.name
<CMD> um::get_metric_definition -name design.route.drc.image
<CMD> um::get_metric_definition -name flow.cputime
<CMD> um::get_metric_definition -name flow.cputime.total
<CMD> um::get_metric_definition -name flow.last_child_snapshot
<CMD> um::get_metric_definition -name flow.log
<CMD> um::get_metric_definition -name flow.machine
<CMD> um::get_metric_definition -name flow.machine.cpu.frequency
<CMD> um::get_metric_definition -name flow.machine.cpu.model
<CMD> um::get_metric_definition -name flow.machine.cpu.number
<CMD> um::get_metric_definition -name flow.machine.hostname
<CMD> um::get_metric_definition -name flow.machine.memory.free
<CMD> um::get_metric_definition -name flow.machine.memory.total
<CMD> um::get_metric_definition -name flow.machine.os
<CMD> um::get_metric_definition -name flow.machine.swap.free
<CMD> um::get_metric_definition -name flow.machine.swap.total
<CMD> um::get_metric_definition -name flow.memory
<CMD> um::get_metric_definition -name flow.memory.resident
<CMD> um::get_metric_definition -name flow.memory.resident.peak
<CMD> um::get_metric_definition -name flow.realtime
<CMD> um::get_metric_definition -name flow.realtime.total
<CMD> um::get_metric_definition -name flow.root_config
<CMD> um::get_metric_definition -name flow.run_directory
<CMD> um::get_metric_definition -name flow.run_tag
<CMD> um::get_metric_definition -name flow.step.tcl
<CMD> um::get_metric_definition -name flow.template.feature_enabled
<CMD> um::get_metric_definition -name flow.template.type
<CMD> um::get_metric_definition -name flow.tool_list
<CMD> um::get_metric_definition -name flow.user
<CMD> um::get_metric_definition -name messages
<CMD> um::get_metric_definition -name name
<CMD> um::get_metric_definition -name power
<CMD> um::get_metric_definition -name power.clock
<CMD> um::get_metric_definition -name power.hinst:*
<CMD> um::get_metric_definition -name power.internal
<CMD> um::get_metric_definition -name power.internal.hinst:*
<CMD> um::get_metric_definition -name power.internal.type:*
<CMD> um::get_metric_definition -name power.leakage
<CMD> um::get_metric_definition -name power.leakage.hinst:*
<CMD> um::get_metric_definition -name power.leakage.type:*
<CMD> um::get_metric_definition -name power.switching
<CMD> um::get_metric_definition -name power.switching.hinst:*
<CMD> um::get_metric_definition -name power.switching.type:*
<CMD> um::get_metric_definition -name route.drc
<CMD> um::get_metric_definition -name route.drc.antenna
<CMD> um::get_metric_definition -name route.drc.layer:*
<CMD> um::get_metric_definition -name route.map.*
<CMD> um::get_metric_definition -name route.overflow
<CMD> um::get_metric_definition -name route.overflow.horizontal
<CMD> um::get_metric_definition -name route.overflow.layer:*
<CMD> um::get_metric_definition -name route.overflow.vertical
<CMD> um::get_metric_definition -name route.shielding.*
<CMD> um::get_metric_definition -name route.via
<CMD> um::get_metric_definition -name route.via.layer:*
<CMD> um::get_metric_definition -name route.via.multicut
<CMD> um::get_metric_definition -name route.via.multicut.layer:*
<CMD> um::get_metric_definition -name route.via.multicut.percentage
<CMD> um::get_metric_definition -name route.via.singlecut
<CMD> um::get_metric_definition -name route.via.singlecut.layer:*
<CMD> um::get_metric_definition -name route.via.singlecut.percentage
<CMD> um::get_metric_definition -name route.via.total
<CMD> um::get_metric_definition -name route.wirelength
<CMD> um::get_metric_definition -name timing.drv.max_cap.total
<CMD> um::get_metric_definition -name timing.drv.max_cap.worst
<CMD> um::get_metric_definition -name timing.drv.max_fanout.total
<CMD> um::get_metric_definition -name timing.drv.max_fanout.worst
<CMD> um::get_metric_definition -name timing.drv.max_length.total
<CMD> um::get_metric_definition -name timing.drv.max_length.worst
<CMD> um::get_metric_definition -name timing.drv.max_tran.total
<CMD> um::get_metric_definition -name timing.drv.max_tran.worst
<CMD> um::get_metric_definition -name timing.hold.feps
<CMD> um::get_metric_definition -name timing.hold.feps.analysis_view:*
<CMD> um::get_metric_definition -name timing.hold.feps.path_group:*
<CMD> um::get_metric_definition -name timing.hold.feps.path_group:*.analysis_view:*
<CMD> um::get_metric_definition -name timing.hold.feps.path_group:reg2reg
<CMD> um::get_metric_definition -name timing.hold.histogram
<CMD> um::get_metric_definition -name timing.hold.histogram.views
<CMD> um::get_metric_definition -name timing.hold.pba.histogram
<CMD> um::get_metric_definition -name timing.hold.pba.histogram.views
<CMD> um::get_metric_definition -name timing.hold.tns
<CMD> um::get_metric_definition -name timing.hold.tns.analysis_view:*
<CMD> um::get_metric_definition -name timing.hold.tns.path_group:*
<CMD> um::get_metric_definition -name timing.hold.tns.path_group:*.analysis_view:*
<CMD> um::get_metric_definition -name timing.hold.tns.path_group:reg2reg
<CMD> um::get_metric_definition -name timing.hold.wns
<CMD> um::get_metric_definition -name timing.hold.wns.analysis_view:*
<CMD> um::get_metric_definition -name timing.hold.wns.path_group:*
<CMD> um::get_metric_definition -name timing.hold.wns.path_group:*.analysis_view:*
<CMD> um::get_metric_definition -name timing.hold.wns.path_group:reg2reg
<CMD> um::get_metric_definition -name timing.setup.feps
<CMD> um::get_metric_definition -name timing.setup.feps.analysis_view:*
<CMD> um::get_metric_definition -name timing.setup.feps.path_group:*
<CMD> um::get_metric_definition -name timing.setup.feps.path_group:*.analysis_view:*
<CMD> um::get_metric_definition -name timing.setup.feps.path_group:reg2reg
<CMD> um::get_metric_definition -name timing.setup.histogram
<CMD> um::get_metric_definition -name timing.setup.histogram.views
<CMD> um::get_metric_definition -name timing.setup.pba.histogram
<CMD> um::get_metric_definition -name timing.setup.pba.histogram.views
<CMD> um::get_metric_definition -name timing.setup.tns
<CMD> um::get_metric_definition -name timing.setup.tns.analysis_view:*
<CMD> um::get_metric_definition -name timing.setup.tns.path_group:*
<CMD> um::get_metric_definition -name timing.setup.tns.path_group:*.analysis_view:*
<CMD> um::get_metric_definition -name timing.setup.tns.path_group:reg2reg
<CMD> um::get_metric_definition -name timing.setup.type
<CMD> um::get_metric_definition -name timing.setup.wns
<CMD> um::get_metric_definition -name timing.setup.wns.analysis_view:*
<CMD> um::get_metric_definition -name timing.setup.wns.path_group:*
<CMD> um::get_metric_definition -name timing.setup.wns.path_group:*.analysis_view:*
<CMD> um::get_metric_definition -name timing.setup.wns.path_group:reg2reg
<CMD> um::get_metric_definition -name timing.si.glitches
<CMD> um::get_metric_definition -name timing.si.noise
<CMD> um::get_metric_definition -name transition.*
<CMD> um::get_metric_definition -name transition.count
<CMD> um::get_metric_definition -name transition.max
<CMD> get_metric -raw -id current -uuid 1adca658-978e-40a8-b8d7-0b9379642428 clock.Routing.area.total
<CMD> get_metric -raw -id current -uuid 1adca658-978e-40a8-b8d7-0b9379642428 clock.PostConditioning.area.total
<CMD> get_metric -raw -id current -uuid 1adca658-978e-40a8-b8d7-0b9379642428 clock.eGRPC.area.total
<CMD> get_metric -raw -id current -uuid 1adca658-978e-40a8-b8d7-0b9379642428 clock.Routing.area.total
<CMD> get_metric -raw -id current -uuid 1adca658-978e-40a8-b8d7-0b9379642428 clock.Implementation.area.total
<CMD> get_metric -raw -id current -uuid 1adca658-978e-40a8-b8d7-0b9379642428 clock.eGRPC.area.total
<CMD> get_metric -raw -id current -uuid 1adca658-978e-40a8-b8d7-0b9379642428 clock.Construction.area.total
<CMD> get_metric -raw -id current -uuid 1adca658-978e-40a8-b8d7-0b9379642428 clock.Implementation.area.total
<CMD> saveDesign DBS/init.enc -compress
#% Begin save design ... (date=12/01 16:56:36, mem=797.9M)
% Begin Save ccopt configuration ... (date=12/01 16:56:36, mem=799.9M)
% End Save ccopt configuration ... (date=12/01 16:56:36, total cpu=0:00:00.0, real=0:00:00.0, peak res=800.7M, current mem=800.7M)
% Begin Save netlist data ... (date=12/01 16:56:36, mem=800.7M)
Writing Binary DB to DBS/init.enc.dat/mult_alone.v.bin in single-threaded mode...
% End Save netlist data ... (date=12/01 16:56:36, total cpu=0:00:00.0, real=0:00:00.0, peak res=800.8M, current mem=800.8M)
Saving congestion map file DBS/init.enc.dat/mult_alone.route.congmap.gz ...
% Begin Save AAE data ... (date=12/01 16:56:37, mem=801.4M)
Saving AAE Data ...
% End Save AAE data ... (date=12/01 16:56:37, total cpu=0:00:00.0, real=0:00:00.0, peak res=801.4M, current mem=801.4M)
% Begin Save clock tree data ... (date=12/01 16:56:37, mem=801.9M)
% End Save clock tree data ... (date=12/01 16:56:37, total cpu=0:00:00.0, real=0:00:00.0, peak res=801.9M, current mem=801.9M)
Saving preference file DBS/init.enc.dat/gui.pref.tcl ...
Saving mode setting ...
Saving global file ...
% Begin Save floorplan data ... (date=12/01 16:56:37, mem=802.9M)
Saving floorplan file ...
% End Save floorplan data ... (date=12/01 16:56:37, total cpu=0:00:00.0, real=0:00:00.0, peak res=802.9M, current mem=802.9M)
Saving PG file DBS/init.enc.dat/mult_alone.pg.gz
*** Completed savePGFile (cpu=0:00:00.0 real=0:00:00.0 mem=1467.0M) ***
Saving Drc markers ...
... No Drc file written since there is no markers found.
% Begin Save placement data ... (date=12/01 16:56:37, mem=803.0M)
** Saving stdCellPlacement_binary (version# 2) ...
Save Adaptive View Pruing View Names to Binary file
% End Save placement data ... (date=12/01 16:56:37, total cpu=0:00:00.0, real=0:00:00.0, peak res=803.0M, current mem=803.0M)
% Begin Save routing data ... (date=12/01 16:56:37, mem=803.0M)
Saving route file ...
*** Completed saveRoute (cpu=0:00:00.0 real=0:00:00.0 mem=1471.0M) ***
% End Save routing data ... (date=12/01 16:56:37, total cpu=0:00:00.0, real=0:00:00.0, peak res=808.3M, current mem=807.3M)
Saving property file DBS/init.enc.dat/mult_alone.prop
*** Completed saveProperty (cpu=0:00:00.0 real=0:00:00.0 mem=1474.0M) ***
% Begin Save power constraints data ... (date=12/01 16:56:37, mem=807.7M)
% End Save power constraints data ... (date=12/01 16:56:37, total cpu=0:00:00.0, real=0:00:00.0, peak res=807.8M, current mem=807.8M)
rc_typ
Generated self-contained design init.enc.dat
#% End save design ... (date=12/01 16:56:40, total cpu=0:00:02.0, real=0:00:04.0, peak res=809.6M, current mem=809.6M)
*** Message Summary: 0 warning(s), 0 error(s)

<CMD> saveNetlist DBS/LEC/init.v.gz
** NOTE: Created directory path 'DBS/LEC' for file 'DBS/LEC/init.v.gz'.
Writing Netlist "DBS/LEC/init.v.gz" ...
<FF> ==============================================
<FF>          COMPLETED STEP : init
<FF>         ELAPSED RUNTIME : 0 days, 00:00:07
<FF> ==============================================

*** Memory Usage v#1 (Current mem = 1503.297M, initial mem = 497.086M) ***
*** Message Summary: 430 warning(s), 6 error(s)

--- Ending "Innovus" (totcpu=0:00:18.6, real=0:00:22.0, mem=1503.3M) ---
