###############################################################
#  Generated by:      Cadence Innovus 19.18-s072_1
#  OS:                Linux x86_64(Host ID rivendell.ecen.okstate.edu)
#  Generated on:      Fri Dec  1 16:56:35 2023
#  Design:            mult_alone
#  Command:           checkDesign -all
###############################################################
Design: mult_alone

------ Design Summary:
Total Standard Cell Number   (cells) : 444
Total Block Cell Number      (cells) : 0
Total I/O Pad Cell Number    (cells) : 0
Total Standard Cell Area     ( um^2) : 4294.01
Total Block Cell Area        ( um^2) : 0.00
Total I/O Pad Cell Area      ( um^2) : 0.00

------ Design Statistics:

Number of Instances            : 444
Number of Non-uniquified Insts : 444
Number of Nets                 : 478
Average number of Pins per Net : 2.94
Maximum number of Pins in Net  : 17

------ I/O Port summary

Number of Primary I/O Ports    : 34
Number of Input Ports          : 18
Number of Output Ports         : 16
Number of Bidirectional Ports  : 0
Number of Power/Ground Ports   : 0



------------------------------------------------------------
Detail report:


------ I/O Pad/Port Checking


