24 81 1 || a5 000000a5 1
63 0d 1 || 70 00000070 1
65 12 1 || 77 00000077 1
0d 76 1 || 83 00000083 1
ed 8c 1 || 79 00000179 0
c6 c5 0 || 79 0000018b 0
e5 77 0 || 79 0000015c 0
8f f2 0 || 79 00000181 0
e8 c5 0 || 79 000001ad 0
bd 2d 1 || ea 000000ea 1
63 0a 0 || ea 0000006d 0
20 aa 1 || ca 000000ca 1
96 13 1 || a9 000000a9 1
53 6b 1 || be 000000be 1
02 ae 1 || b0 000000b0 1
cf 23 0 || b0 000000f2 0
ca 3c 0 || b0 00000106 0
8a 41 0 || b0 000000cb 0
78 89 1 || 01 00000101 0
b6 c6 0 || 01 0000017c 0
bc 2a 1 || e6 000000e6 1
71 85 1 || f6 000000f6 1
3b 3a 0 || f6 00000075 0
15 f1 1 || 06 00000106 0
62 4c 1 || ae 000000ae 1
8f f8 1 || 87 00000187 0
9f 5c 1 || fb 000000fb 1
89 49 0 || fb 000000d2 0
d7 51 0 || fb 00000128 0
0c c2 0 || fb 000000ce 0
77 3d 0 || fb 000000b4 0
7e 6d 1 || eb 000000eb 1
1f d3 1 || f2 000000f2 1
78 5b 1 || d3 000000d3 1
3f 2a 0 || d3 00000069 0
86 8e 0 || d3 00000114 0
fa 26 1 || 20 00000120 0
a3 2f 1 || d2 000000d2 1
5f 44 1 || a3 000000a3 1
cb e6 0 || a3 000001b1 0
29 ed 0 || a3 00000116 0
65 b5 1 || 1a 0000011a 0
79 44 0 || 1a 000000bd 0
2a ab 0 || 1a 000000d5 0
dc 9a 1 || 76 00000176 0
c3 56 0 || 76 00000119 0
67 0a 0 || 76 00000071 0
38 79 0 || 76 000000b1 0
94 93 0 || 76 00000127 0
59 db 1 || 34 00000134 0
d9 6d 0 || 34 00000146 0
ca b6 1 || 80 00000180 0
46 04 1 || 4a 0000004a 1
69 b4 0 || 4a 0000011d 0
28 2d 1 || 55 00000055 1
2e 08 0 || 55 00000036 0
fd 29 0 || 55 00000126 0
86 da 1 || 60 00000160 0
66 70 1 || d6 000000d6 1
ba 5e 0 || d6 00000118 0
d5 1a 1 || ef 000000ef 1
37 96 0 || ef 000000cd 0
26 b6 1 || dc 000000dc 1
dc 86 0 || dc 00000162 0
